TN:
SF:script/DeployTicTacToe.s.sol
DA:8,0
FN:8,DeployTicTacToe.run
FNDA:0,DeployTicTacToe.run
DA:9,0
DA:10,0
DA:11,0
DA:12,0
DA:13,0
FNF:1
FNH:0
LF:6
LH:0
BRF:0
BRH:0
end_of_record
TN:
SF:src/TicTacToe.sol
DA:68,74
FN:68,TicTacToe.constructor
FNDA:74,TicTacToe.constructor
DA:69,74
DA:70,74
DA:77,4041
FN:77,TicTacToe.createGame
FNDA:4041,TicTacToe.createGame
DA:78,4041
BRDA:78,0,0,-
DA:79,4041
BRDA:79,1,0,1
DA:80,4040
DA:81,4040
DA:82,4040
DA:83,4040
DA:84,4040
DA:85,4040
DA:86,4040
DA:89,3894
FN:89,TicTacToe.joinGame
FNDA:3894,TicTacToe.joinGame
DA:90,3894
DA:91,3894
BRDA:91,2,0,-
DA:92,3894
BRDA:92,3,0,1
DA:93,3893
BRDA:93,4,0,1
DA:94,3892
BRDA:94,5,0,1001
DA:95,2891
DA:96,2891
DA:97,2891
DA:98,2891
DA:99,2891
DA:102,5973
FN:102,TicTacToe.makeMove
FNDA:5973,TicTacToe.makeMove
DA:103,5973
BRDA:103,6,0,1001
DA:104,4972
DA:105,4972
BRDA:105,7,0,-
DA:106,4972
BRDA:106,8,0,1
DA:108,4971
DA:109,4971
DA:110,4971
DA:112,4970
BRDA:112,9,0,435
DA:113,4535
BRDA:113,10,0,1002
DA:115,3533
BRDA:115,11,0,2479
BRDA:115,11,1,1054
DA:116,1054
DA:118,3533
DA:119,3533
DA:121,3533
DA:122,3533
BRDA:122,12,0,57
BRDA:122,12,1,3474
DA:123,57
DA:124,3476
BRDA:124,13,0,2
BRDA:124,13,1,3474
DA:125,2
DA:127,3474
DA:131,207
FN:131,TicTacToe.claimWinByTimeout
FNDA:207,TicTacToe.claimWinByTimeout
DA:132,207
DA:133,207
BRDA:133,14,0,1
DA:134,206
BRDA:134,15,0,1
DA:135,205
BRDA:135,16,0,2
DA:136,203
BRDA:136,17,0,1
DA:138,202
DA:139,202
BRDA:139,18,0,1
DA:141,201
DA:142,201
DA:145,209
FN:145,TicTacToe.cancelGame
FNDA:209,TicTacToe.cancelGame
DA:146,209
DA:147,209
BRDA:147,19,0,-
DA:148,209
BRDA:148,20,0,62
DA:149,147
BRDA:149,21,0,1
DA:150,146
DA:151,146
DA:152,146
DA:155,6
FN:155,TicTacToe.withdrawDevFees
FNDA:6,TicTacToe.withdrawDevFees
DA:156,6
BRDA:156,22,0,1
DA:157,5
DA:158,5
DA:159,5
DA:160,4
DA:163,3531
FN:163,TicTacToe.getGameState
FNDA:3531,TicTacToe.getGameState
DA:164,3531
BRDA:164,23,0,-
DA:165,3531
DA:168,3
FN:168,TicTacToe.getSecondsUntilTimeout
FNDA:3,TicTacToe.getSecondsUntilTimeout
DA:169,3
DA:170,3
BRDA:170,24,0,1
DA:171,2
DA:172,2
DA:173,2
DA:176,4
FN:176,TicTacToe.isPlayer
FNDA:4,TicTacToe.isPlayer
DA:177,4
DA:178,4
BRDA:178,26,0,1
DA:179,3
DA:182,1
FN:182,TicTacToe.getLeaderboard
FNDA:1,TicTacToe.getLeaderboard
DA:183,1
DA:186,2
FN:186,TicTacToe.getGameMeta
FNDA:2,TicTacToe.getGameMeta
DA:196,2
DA:197,2
BRDA:197,27,0,1
DA:198,1
DA:201,3
FN:201,TicTacToe.getBoardState
FNDA:3,TicTacToe.getBoardState
DA:202,3
DA:203,3
BRDA:203,28,0,1
DA:204,2
DA:205,18
BRDA:205,29,0,2
BRDA:205,29,1,15
DA:206,2
DA:207,16
BRDA:207,30,0,1
BRDA:207,30,1,15
DA:208,1
DA:210,15
DA:215,4971
FN:215,TicTacToe._playerSymbol
FNDA:4971,TicTacToe._playerSymbol
DA:216,4971
DA:217,2486
DA:218,1
DA:221,3533
FN:221,TicTacToe._isWin
FNDA:3533,TicTacToe._isWin
DA:222,3533
DA:223,28028
DA:225,3476
DA:228,258
FN:228,TicTacToe._finishGameWithWinner
FNDA:258,TicTacToe._finishGameWithWinner
DA:229,258
DA:230,258
DA:232,258
DA:233,258
DA:234,258
DA:236,258
DA:237,258
DA:238,258
DA:239,258
DA:241,258
DA:243,257
DA:246,2
FN:246,TicTacToe._finishGameWithDraw
FNDA:2,TicTacToe._finishGameWithDraw
DA:247,2
DA:248,2
DA:249,2
DA:250,2
DA:251,2
DA:252,1
DA:255,412
FN:255,TicTacToe._safeSend
FNDA:412,TicTacToe._safeSend
DA:256,412
DA:257,412
BRDA:257,34,0,3
DA:260,3
FN:260,TicTacToe.setTimeoutPeriod
FNDA:3,TicTacToe.setTimeoutPeriod
DA:261,3
BRDA:261,35,0,2
DA:262,1
FNF:19
FNH:19
LF:129
LH:129
BRF:37
BRH:32
end_of_record
TN:
SF:test/TicTacToeBranches.t.sol
DA:8,3
FN:8,RevertingReceiver.fallback
FNDA:3,RevertingReceiver.fallback
FNF:1
FNH:1
LF:1
LH:1
BRF:0
BRH:0
end_of_record
